commit 710deec19e1708be0c899e7f36dcccc4c82253cf
Merge: 0858c53 b62cd78
Author: SoyFroylanMtz <139150923+SoyFroylanMtz@users.noreply.github.com>
Date:   Fri May 17 19:48:51 2024 -0600

    Merge pull request #3 from SoyFroylanMtz/cambios
    
    Desarrollo de Api MIPyME

commit b62cd78e0723d81000d130ad45cd82a13b0da0bf
Author: SoyFroylanMtz <soyfroylanmtzcarlos@gmail.com>
Date:   Fri May 17 19:46:37 2024 -0600

    Desarrollo de Api MIPyME

commit 0858c530d61df70143aa985e1c0b392a0ad21a7a
Author: SoyFroylanMtz <soyfroylanmtzcarlos@gmail.com>
Date:   Fri May 17 13:41:40 2024 -0600

    Actualizando log commits

commit f6821605566c10fbc140097acfa34049e176c67f
Merge: e2ae890 2647303
Author: SoyFroylanMtz <139150923+SoyFroylanMtz@users.noreply.github.com>
Date:   Fri May 17 13:38:12 2024 -0600

    Merge pull request #2 from SoyFroylanMtz/cambios
    
    Desarrollo de Api Busine

commit 2647303cbbbc80562a4539436e9e5d76a11bdeaa
Author: SoyFroylanMtz <soyfroylanmtzcarlos@gmail.com>
Date:   Fri May 17 13:32:29 2024 -0600

    Desarrollo de Api Busine

commit e2ae8901702513cfe4dad84f1a657d2ab1d2294d
Author: SoyFroylanMtz <soyfroylanmtzcarlos@gmail.com>
Date:   Fri May 17 04:50:58 2024 -0600

    Actualizando log commits

commit 5160b34d6483790082e117ad5c442af04150f209
Merge: bcbe2e9 89839bc
Author: SoyFroylanMtz <139150923+SoyFroylanMtz@users.noreply.github.com>
Date:   Fri May 17 04:42:26 2024 -0600

    Merge pull request #1 from SoyFroylanMtz/rama-nueva
    
    Instalando paquete Api

commit 89839bcdadb2573fab845f6884011453a32361eb
Author: SoyFroylanMtz <soyfroylanmtzcarlos@gmail.com>
Date:   Fri May 17 04:39:03 2024 -0600

    Instalando paquete Api

commit bcbe2e9c1d3569a276edbce7f8fe98b1e37ef7b1
Author: SoyFroylanMtz <soyfroylanmtzcarlos@gmail.com>
Date:   Fri May 17 04:16:19 2024 -0600

    Inicializando Proyecto
